{"/home/raccon/React/showcase/src/components/Main/index.tsx": {"path":"/home/raccon/React/showcase/src/components/Main/index.tsx","statementMap":{"0":{"start":{"line":1,"column":13},"end":{"line":5,"column":1}},"1":{"start":{"line":2,"column":2},"end":{"line":4,"column":8}}},"fnMap":{"0":{"name":"(anonymous_0)","decl":{"start":{"line":1,"column":13},"end":{"line":1,"column":14}},"loc":{"start":{"line":2,"column":2},"end":{"line":4,"column":8}},"line":2}},"branchMap":{},"s":{"0":1,"1":1},"f":{"0":1},"b":{},"_coverageSchema":"1a1c01bbd47fc00a2c39e90264f33305004495a9","hash":"12056144a6373ec19f24137bb8233fb6cfc4c08a"}
}
